2024-05-10 13:39:58,335 - INFO - Slave function started.
2024-05-10 13:39:58,341 - INFO - Waiting for start message...
2024-05-10 13:40:48,233 - INFO - Slave function started.
2024-05-10 13:40:48,238 - INFO - Waiting for start message...
2024-05-10 13:51:37,693 - INFO - Slave function started.
2024-05-10 13:51:37,697 - INFO - Waiting for start message...
2024-05-10 13:51:37,797 - INFO - Waiting for incoming message...
2024-05-10 13:52:02,848 - INFO - Message transmission complete.
2024-05-10 13:52:02,961 - INFO - Error decompressing the file, informing the transmitter
2024-05-10 13:52:07,978 - INFO - Slave function started.
2024-05-10 13:52:07,987 - INFO - Waiting for start message...
2024-05-10 13:57:53,272 - INFO - Slave function started.
2024-05-10 13:57:53,278 - INFO - Waiting for start message...
2024-05-10 13:57:57,829 - INFO - Waiting for incoming message...
2024-05-10 13:58:17,061 - INFO - Message transmission complete.
2024-05-10 13:58:17,173 - INFO - Error decompressing the file, informing the transmitter
2024-05-10 13:58:22,197 - INFO - Slave function started.
2024-05-10 13:58:22,207 - INFO - Waiting for start message...
2024-05-10 14:01:46,126 - INFO - Slave function started.
2024-05-10 14:01:46,132 - INFO - Waiting for start message...
2024-05-10 14:01:46,148 - INFO - Waiting for incoming message...
2024-05-10 14:02:04,441 - INFO - Message transmission complete.
2024-05-10 14:02:04,552 - INFO - Error decompressing the file, informing the transmitter
2024-05-08 14:02:09,571 - INFO - Slave function started.
2024-05-08 14:02:09,581 - INFO - Waiting for start message...
2024-05-08 14:14:44,323 - INFO - Slave function started.
2024-05-08 14:14:44,329 - INFO - Waiting for start message...
2024-05-08 14:14:45,143 - INFO - Waiting for incoming message...
2024-05-08 14:14:50,743 - INFO - Message transmission complete.
2024-05-08 14:14:50,919 - INFO - File decompressed successfully, informing the transmitter
2024-05-08 14:24:41,794 - INFO - Slave function started.
2024-05-08 14:24:41,798 - INFO - Waiting for start message...
2024-05-08 14:24:41,849 - INFO - Waiting for incoming message...
2024-05-08 14:24:47,078 - INFO - Message transmission complete.
2024-05-08 14:24:47,252 - INFO - File decompressed successfully, informing the transmitter
2024-05-08 14:36:16,696 - INFO - Slave function started.
2024-05-08 14:36:16,703 - INFO - Waiting for start message...
2024-05-08 14:36:27,029 - INFO - Waiting for incoming message...
2024-05-08 14:36:32,116 - INFO - Message transmission complete.
2024-05-08 14:36:32,290 - INFO - File decompressed successfully, informing the transmitter
2024-05-08 14:42:49,235 - INFO - Slave function started.
2024-05-08 14:42:49,239 - INFO - Waiting for start message...
2024-05-08 14:43:02,355 - INFO - Waiting for incoming message...
2024-05-08 14:43:07,748 - INFO - Message transmission complete.
2024-05-08 14:43:07,936 - INFO - File decompressed successfully, informing the transmitter
2024-05-08 14:47:55,652 - INFO - Slave function started.
2024-05-08 14:47:55,656 - INFO - Waiting for start message...
2024-05-08 14:50:07,134 - INFO - Waiting for incoming message...
2024-05-08 14:50:12,791 - INFO - Message transmission complete.
2024-05-08 14:50:12,967 - INFO - File decompressed successfully, informing the transmitter
2024-05-08 14:54:44,801 - INFO - Slave function started.
2024-05-08 14:54:44,805 - INFO - Waiting for start message...
2024-05-08 14:54:53,575 - INFO - Waiting for incoming message...
2024-05-08 14:54:59,198 - INFO - Message transmission complete.
2024-05-08 14:54:59,372 - INFO - File decompressed successfully, informing the transmitter
2024-05-08 15:02:22,976 - INFO - Slave function started.
2024-05-08 15:02:22,982 - INFO - Waiting for start message...
2024-05-08 15:02:23,876 - INFO - Waiting for incoming message...
2024-05-08 15:02:29,210 - INFO - Message transmission complete.
2024-05-08 15:02:29,380 - INFO - File decompressed successfully, informing the transmitter
2024-05-08 15:06:21,110 - INFO - Slave function started.
2024-05-08 15:06:21,114 - INFO - Waiting for start message...
2024-05-08 15:06:21,122 - INFO - Waiting for incoming message...
2024-05-08 15:06:28,113 - INFO - Message transmission complete.
2024-05-08 15:06:28,221 - INFO - Error decompressing the file, informing the transmitter
2024-05-08 15:06:33,249 - INFO - Slave function started.
2024-05-08 15:06:33,259 - INFO - Waiting for start message...
2024-05-08 15:06:35,467 - INFO - Waiting for incoming message...
2024-05-08 15:06:42,104 - INFO - Message transmission complete.
2024-05-08 15:06:42,271 - INFO - File decompressed successfully, informing the transmitter
2024-05-08 15:51:56,611 - INFO - Slave function started.
2024-05-08 15:51:56,619 - INFO - Waiting for start message...
2024-05-08 15:52:30,871 - INFO - Waiting for incoming message...
2024-05-08 15:52:34,835 - INFO - Message transmission complete.
2024-05-08 15:52:35,135 - INFO - File decompressed successfully, informing the transmitter
2024-05-08 15:54:28,810 - INFO - Slave function started.
2024-05-08 15:54:28,815 - INFO - Waiting for start message...
2024-05-08 15:54:29,259 - INFO - Waiting for incoming message...
2024-05-08 15:54:34,032 - INFO - Message transmission complete.
2024-05-08 15:54:34,205 - INFO - File decompressed successfully, informing the transmitter
2024-05-08 16:10:12,046 - INFO - Slave function started.
2024-05-08 16:10:12,052 - INFO - Waiting for start message...
2024-05-08 16:10:12,157 - INFO - Waiting for incoming message...
2024-05-08 16:10:24,467 - INFO - Message transmission complete.
2024-05-08 16:12:06,152 - INFO - Slave function started.
2024-05-08 16:12:06,158 - INFO - Waiting for start message...
2024-05-08 16:15:46,694 - INFO - Slave function started.
2024-05-08 16:15:46,700 - INFO - Waiting for start message...
2024-05-08 16:18:03,418 - INFO - Slave function started.
2024-05-08 16:18:03,423 - INFO - Waiting for start message...
2024-05-08 16:19:06,193 - INFO - Slave function started.
2024-05-08 16:19:06,198 - INFO - Waiting for start message...
2024-05-08 16:28:57,843 - INFO - Slave function started.
2024-05-08 16:28:57,850 - INFO - Waiting for start message...
2024-05-08 16:28:57,939 - INFO - Waiting for incoming message...
2024-05-08 16:29:01,498 - INFO - Message transmission complete.
2024-05-08 16:29:01,805 - INFO - File decompressed successfully, informing the transmitter
2024-05-08 16:55:06,921 - INFO - Slave function started.
2024-05-08 16:55:06,927 - INFO - Waiting for start message...
2024-05-08 16:55:49,385 - INFO - Waiting for incoming message...
2024-05-08 16:55:53,005 - INFO - Message transmission complete.
2024-05-08 17:01:08,307 - INFO - Slave function started.
2024-05-08 17:01:08,314 - INFO - Waiting for start message...
2024-05-08 17:01:12,638 - INFO - Waiting for incoming message...
2024-05-08 17:01:16,215 - INFO - Message transmission complete.
2024-05-08 17:03:18,563 - INFO - Slave function started.
2024-05-08 17:03:18,568 - INFO - Waiting for start message...
2024-05-08 17:03:22,843 - INFO - Waiting for incoming message...
2024-05-08 17:03:26,341 - INFO - Message transmission complete.
2024-05-08 17:03:26,520 - INFO - File decompressed successfully, informing the transmitter
2024-05-08 18:04:29,619 - INFO - Slave function started.
2024-05-08 18:04:29,643 - INFO - Waiting for start message...
2024-05-08 18:04:29,654 - INFO - Waiting for incoming message...
2024-05-08 18:04:37,133 - INFO - Message transmission complete.
2024-05-08 18:05:40,293 - INFO - Slave function started.
2024-05-08 18:05:40,313 - INFO - Waiting for start message...
2024-05-08 18:06:10,431 - INFO - Slave function started.
2024-05-08 18:06:10,441 - INFO - Waiting for start message...
2024-05-09 18:01:53,605 - INFO - Slave function started.
2024-05-09 18:01:53,611 - INFO - Waiting for start message...
2024-05-09 18:02:20,000 - INFO - Slave function started.
2024-05-09 18:02:20,005 - INFO - Waiting for start message...
2024-05-09 18:02:39,060 - INFO - Slave function started.
2024-05-09 18:02:39,065 - INFO - Waiting for start message...
2024-05-09 18:03:22,989 - INFO - Slave function started.
2024-05-09 18:03:22,996 - INFO - Waiting for start message...
2024-05-09 18:33:55,755 - INFO - Slave function started.
2024-05-09 18:33:55,761 - INFO - Waiting for start message...
2024-05-09 21:00:24,600 - INFO - Slave function started.
2024-05-09 21:00:24,607 - INFO - Waiting for start message...
2024-05-09 21:00:28,080 - INFO - Waiting for incoming message...
2024-05-09 21:00:31,758 - INFO - Message transmission complete.
2024-05-09 21:04:05,833 - INFO - Slave function started.
2024-05-09 21:04:05,840 - INFO - Waiting for start message...
2024-05-09 21:04:35,840 - INFO - Slave function started.
2024-05-09 21:04:35,847 - INFO - Waiting for start message...
2024-05-09 21:04:35,852 - INFO - Waiting for incoming message...
2024-05-09 21:04:39,538 - INFO - Message transmission complete.
2024-05-09 21:04:39,766 - INFO - Error decompressing the file, informing the transmitter
2024-05-09 21:05:44,872 - INFO - Slave function started.
2024-05-09 21:05:44,879 - INFO - Waiting for start message...
2024-05-09 21:05:51,897 - INFO - Waiting for incoming message...
2024-05-09 21:05:55,437 - INFO - Message transmission complete.
2024-05-09 21:05:55,614 - INFO - File decompressed successfully, informing the transmitter
2024-05-09 21:07:51,501 - INFO - Slave function started.
2024-05-09 21:07:51,509 - INFO - Waiting for start message...
2024-05-09 21:07:51,578 - INFO - Waiting for incoming message...
2024-05-09 21:07:55,240 - INFO - Message transmission complete.
2024-05-09 21:07:55,416 - INFO - File decompressed successfully, informing the transmitter
2024-05-09 21:11:50,618 - INFO - Slave function started.
2024-05-09 21:11:50,625 - INFO - Waiting for start message...
2024-05-09 21:12:11,619 - INFO - Waiting for incoming message...
2024-05-09 21:12:14,922 - INFO - Message transmission complete.
2024-05-09 21:12:15,111 - INFO - File decompressed successfully, informing the transmitter
2024-05-09 21:14:10,739 - INFO - Slave function started.
2024-05-09 21:14:10,747 - INFO - Waiting for start message...
2024-05-09 21:14:17,930 - INFO - Waiting for incoming message...
2024-05-09 21:14:20,937 - INFO - Message transmission complete.
2024-05-09 21:14:21,123 - INFO - File decompressed successfully, informing the transmitter
2024-05-09 21:17:57,536 - INFO - Slave function started.
2024-05-09 21:17:57,543 - INFO - Waiting for start message...
2024-05-09 21:17:57,548 - INFO - Waiting for incoming message...
2024-05-09 21:18:00,997 - INFO - Message transmission complete.
2024-05-09 21:18:01,186 - INFO - File decompressed successfully, informing the transmitter
2024-05-09 21:19:48,121 - INFO - Slave function started.
2024-05-09 21:19:48,127 - INFO - Waiting for start message...
2024-05-09 21:19:54,257 - INFO - Waiting for incoming message...
2024-05-09 21:19:57,489 - INFO - Message transmission complete.
2024-05-09 21:21:27,753 - INFO - Slave function started.
2024-05-09 21:21:27,760 - INFO - Waiting for start message...
2024-05-09 21:21:33,055 - INFO - Waiting for incoming message...
2024-05-09 21:21:36,514 - INFO - Message transmission complete.
2024-05-09 21:24:44,163 - INFO - File decompressed successfully.
2024-05-09 21:25:57,990 - INFO - Slave function started.
2024-05-09 21:25:57,997 - INFO - Waiting for start message...
2024-05-09 21:25:58,505 - INFO - Waiting for incoming message...
2024-05-09 21:26:02,071 - INFO - Message transmission complete.
2024-05-09 21:28:10,782 - INFO - Slave function started.
2024-05-09 21:28:10,787 - INFO - Waiting for start message...
2024-05-09 21:28:10,813 - INFO - Waiting for incoming message...
2024-05-09 21:28:14,359 - INFO - Message transmission complete.
2024-05-09 21:28:14,539 - INFO - File decompressed successfully, informing the transmitter
