2024-05-03 17:06:38,852 - INFO - Slave function started.
2024-05-03 17:06:38,863 - INFO - Waiting for start message...
2024-05-03 17:12:10,765 - INFO - Slave function started.
2024-05-03 17:12:10,781 - INFO - Waiting for start message...
2024-05-03 18:59:33,073 - INFO - Slave function started.
2024-05-03 18:59:33,079 - INFO - Waiting for start message...
2024-05-03 19:00:09,600 - INFO - Slave function started.
2024-05-03 19:00:09,607 - INFO - Waiting for start message...
2024-05-03 19:02:56,137 - INFO - Slave function started.
2024-05-03 19:02:56,141 - INFO - Waiting for start message...
2024-05-03 19:04:58,913 - INFO - Slave function started.
2024-05-03 19:04:58,919 - INFO - Waiting for start message...
2024-05-03 19:05:04,135 - INFO - Waiting for incoming message...
2024-05-03 19:05:12,415 - INFO - Message transmission complete.
2024-05-03 19:05:12,591 - INFO - File decompressed successfully, informing the transmitter
2024-05-03 19:08:22,913 - INFO - Slave function started.
2024-05-03 19:08:22,918 - INFO - Waiting for start message...
2024-05-03 19:08:22,931 - INFO - Waiting for incoming message...
2024-05-03 19:08:30,996 - INFO - Message transmission complete.
2024-05-03 19:08:31,187 - INFO - File decompressed successfully, informing the transmitter
2024-05-03 19:13:43,794 - INFO - Slave function started.
2024-05-03 19:13:43,799 - INFO - Waiting for start message...
2024-05-03 19:13:43,877 - INFO - Waiting for incoming message...
2024-05-03 19:13:53,419 - INFO - Message transmission complete.
2024-05-03 19:13:53,607 - INFO - File decompressed successfully, informing the transmitter
2024-05-03 19:18:56,653 - INFO - Slave function started.
2024-05-03 19:18:56,659 - INFO - Waiting for start message...
2024-05-03 19:20:28,086 - INFO - Waiting for incoming message...
2024-05-03 19:20:35,591 - INFO - Message transmission complete.
2024-05-03 19:20:35,763 - INFO - File decompressed successfully, informing the transmitter
2024-05-03 19:26:08,704 - INFO - Slave function started.
2024-05-03 19:26:08,709 - INFO - Waiting for start message...
2024-05-03 19:26:37,143 - INFO - Waiting for incoming message...
2024-05-03 19:27:22,077 - INFO - Message transmission complete.
2024-05-03 19:27:22,199 - INFO - Error decompressing the file, informing the transmitter
2024-05-03 19:27:27,757 - INFO - Slave function started.
2024-05-03 19:27:27,768 - INFO - Waiting for start message...
2024-05-03 19:28:13,089 - INFO - Slave function started.
2024-05-03 19:28:13,095 - INFO - Waiting for start message...
2024-05-03 19:28:13,853 - INFO - Waiting for incoming message...
2024-05-03 19:28:29,366 - INFO - Message transmission complete.
2024-05-03 19:28:29,490 - INFO - Error decompressing the file, informing the transmitter
2024-05-03 19:28:40,478 - INFO - Slave function started.
2024-05-03 19:28:40,482 - INFO - Waiting for start message...
2024-05-03 19:34:41,583 - INFO - Slave function started.
2024-05-03 19:34:41,590 - INFO - Waiting for start message...
2024-05-03 19:34:47,412 - INFO - Waiting for incoming message...
2024-05-03 19:34:54,981 - INFO - Message transmission complete.
2024-05-03 19:34:55,152 - INFO - File decompressed successfully, informing the transmitter
2024-05-03 19:40:15,679 - INFO - Slave function started.
2024-05-03 19:40:15,685 - INFO - Waiting for start message...
2024-05-03 19:40:15,733 - INFO - Waiting for incoming message...
2024-05-03 19:40:23,302 - INFO - Message transmission complete.
2024-05-03 19:40:23,545 - INFO - File decompressed successfully, informing the transmitter
2024-05-03 19:42:56,814 - INFO - Slave function started.
2024-05-03 19:42:56,819 - INFO - Waiting for start message...
2024-05-03 19:42:56,914 - INFO - Waiting for incoming message...
2024-05-03 19:43:04,419 - INFO - Message transmission complete.
2024-05-03 19:43:04,655 - INFO - File decompressed successfully, informing the transmitter
2024-05-03 19:50:32,962 - INFO - Slave function started.
2024-05-03 19:50:32,968 - INFO - Waiting for start message...
2024-05-03 19:50:33,046 - INFO - Waiting for incoming message...
2024-05-03 19:50:38,655 - INFO - Message transmission complete.
2024-05-03 19:50:38,847 - INFO - File decompressed successfully, informing the transmitter
2024-05-03 19:51:46,668 - INFO - Slave function started.
2024-05-03 19:51:46,673 - INFO - Waiting for start message...
2024-05-03 19:51:52,784 - INFO - Waiting for incoming message...
2024-05-03 19:51:59,517 - INFO - Message transmission complete.
2024-05-03 19:51:59,712 - INFO - File decompressed successfully, informing the transmitter
2024-05-03 19:54:29,185 - INFO - Slave function started.
2024-05-03 19:54:29,190 - INFO - Waiting for start message...
2024-05-03 19:54:29,589 - INFO - Waiting for incoming message...
2024-05-03 19:54:37,148 - INFO - Message transmission complete.
2024-05-03 19:54:37,338 - INFO - File decompressed successfully, informing the transmitter
2024-05-03 19:55:37,515 - INFO - Slave function started.
2024-05-03 19:55:37,520 - INFO - Waiting for start message...
2024-05-03 19:55:37,745 - INFO - Waiting for incoming message...
2024-05-03 19:55:44,831 - INFO - Message transmission complete.
2024-05-03 19:55:45,022 - INFO - File decompressed successfully, informing the transmitter
2024-05-03 19:57:19,290 - INFO - Slave function started.
2024-05-03 19:57:19,296 - INFO - Waiting for start message...
2024-05-03 19:57:19,311 - INFO - Waiting for incoming message...
2024-05-03 19:57:26,764 - INFO - Message transmission complete.
2024-05-03 19:57:26,956 - INFO - File decompressed successfully, informing the transmitter
2024-05-03 20:06:26,084 - INFO - Slave function started.
2024-05-03 20:06:26,088 - INFO - Waiting for start message...
2024-05-03 20:06:26,139 - INFO - Waiting for incoming message...
2024-05-03 20:06:35,122 - INFO - Message transmission complete.
2024-05-03 20:06:35,382 - INFO - File decompressed successfully, informing the transmitter
2024-05-03 20:10:22,971 - INFO - Slave function started.
2024-05-03 20:10:22,975 - INFO - Waiting for start message...
2024-05-03 20:10:23,040 - INFO - Waiting for incoming message...
2024-05-03 20:10:44,086 - INFO - Message transmission complete.
2024-05-03 20:10:44,209 - INFO - Error decompressing the file, informing the transmitter
2024-05-03 20:11:08,264 - INFO - Slave function started.
2024-05-03 20:11:08,270 - INFO - Waiting for start message...
2024-05-03 20:14:59,168 - INFO - Slave function started.
2024-05-03 20:14:59,173 - INFO - Waiting for start message...
2024-05-03 20:15:04,485 - INFO - Waiting for incoming message...
2024-05-03 20:15:23,039 - INFO - Message transmission complete.
2024-05-03 20:15:23,281 - INFO - File decompressed successfully, informing the transmitter
2024-05-03 20:15:52,300 - INFO - Slave function started.
2024-05-03 20:15:52,304 - INFO - Waiting for start message...
2024-05-03 20:15:56,485 - INFO - Waiting for incoming message...
2024-05-03 20:16:13,501 - INFO - Message transmission complete.
2024-05-03 20:16:13,745 - INFO - File decompressed successfully, informing the transmitter
2024-05-03 20:18:43,300 - INFO - Slave function started.
2024-05-03 20:18:43,304 - INFO - Waiting for start message...
2024-05-03 20:18:43,355 - INFO - Waiting for incoming message...
2024-05-03 20:19:12,220 - INFO - Message transmission complete.
2024-05-03 20:19:12,326 - INFO - Error decompressing the file, informing the transmitter
2024-05-03 20:19:17,353 - INFO - Slave function started.
2024-05-03 20:19:17,378 - INFO - Waiting for start message...
2024-05-03 20:19:17,477 - INFO - Waiting for incoming message...
2024-05-03 20:19:26,092 - INFO - Message transmission complete.
2024-05-03 20:19:26,346 - INFO - File decompressed successfully, informing the transmitter
2024-05-03 20:19:50,710 - INFO - Slave function started.
2024-05-03 20:19:50,714 - INFO - Waiting for start message...
2024-05-03 20:19:52,155 - INFO - Waiting for incoming message...
2024-05-03 20:20:19,327 - INFO - Message transmission complete.
2024-05-03 20:20:19,509 - INFO - Error decompressing the file, informing the transmitter
2024-05-03 20:20:24,559 - INFO - Slave function started.
2024-05-03 20:20:24,569 - INFO - Waiting for start message...
2024-05-03 20:20:24,681 - INFO - Waiting for incoming message...
2024-05-03 20:20:42,073 - INFO - Message transmission complete.
2024-05-03 20:20:42,215 - INFO - Error decompressing the file, informing the transmitter
2024-05-03 20:20:47,781 - INFO - Slave function started.
2024-05-03 20:20:47,791 - INFO - Waiting for start message...
2024-05-03 20:38:20,395 - INFO - Slave function started.
2024-05-03 20:38:20,400 - INFO - Waiting for start message...
2024-05-03 20:38:20,456 - INFO - Waiting for incoming message...
2024-05-03 20:38:29,629 - INFO - Message transmission complete.
2024-05-03 20:38:29,881 - INFO - File decompressed successfully, informing the transmitter
2024-05-03 20:39:08,430 - INFO - Slave function started.
2024-05-03 20:39:08,434 - INFO - Waiting for start message...
2024-05-03 20:39:09,621 - INFO - Waiting for incoming message...
2024-05-03 20:39:18,785 - INFO - Message transmission complete.
2024-05-03 20:39:19,034 - INFO - File decompressed successfully, informing the transmitter
2024-05-05 16:14:28,053 - INFO - Slave function started.
2024-05-05 16:14:28,076 - INFO - Waiting for start message...
2024-05-05 16:21:51,631 - INFO - Slave function started.
2024-05-05 16:21:51,643 - INFO - Waiting for start message...
2024-05-05 16:29:21,839 - INFO - Slave function started.
2024-05-05 16:29:21,842 - INFO - Waiting for start message...
2024-05-05 16:29:28,265 - INFO - Waiting for incoming message...
2024-05-05 16:29:53,994 - INFO - Message transmission complete.
2024-05-05 16:29:54,219 - INFO - Error decompressing the file, informing the transmitter
2024-05-05 16:32:41,706 - INFO - Slave function started.
2024-05-05 16:32:41,709 - INFO - Waiting for start message...
2024-05-05 16:32:49,337 - INFO - Waiting for incoming message...
2024-05-05 16:32:56,339 - INFO - Message transmission complete.
2024-05-05 16:32:56,510 - INFO - File decompressed successfully, informing the transmitter
2024-05-05 16:34:27,857 - INFO - Slave function started.
2024-05-05 16:34:27,861 - INFO - Waiting for start message...
2024-05-05 16:34:27,899 - INFO - Waiting for incoming message...
2024-05-05 16:34:45,381 - INFO - Message transmission complete.
2024-05-05 16:34:45,523 - INFO - Error decompressing the file, informing the transmitter
2024-05-05 16:34:50,545 - INFO - Slave function started.
2024-05-05 16:34:50,555 - INFO - Waiting for start message...
2024-05-05 16:34:52,683 - INFO - Waiting for incoming message...
2024-05-05 16:34:59,493 - INFO - Message transmission complete.
2024-05-05 16:34:59,685 - INFO - File decompressed successfully, informing the transmitter
2024-05-05 16:36:43,611 - INFO - Slave function started.
2024-05-05 16:36:43,614 - INFO - Waiting for start message...
2024-05-05 16:36:43,713 - INFO - Waiting for incoming message...
2024-05-05 16:37:15,924 - INFO - Message transmission complete.
2024-05-05 16:37:16,081 - INFO - Error decompressing the file, informing the transmitter
2024-05-05 16:37:21,095 - INFO - Slave function started.
2024-05-05 16:37:21,101 - INFO - Waiting for start message...
2024-05-05 16:37:23,225 - INFO - Waiting for incoming message...
2024-05-05 16:37:31,574 - INFO - Message transmission complete.
2024-05-05 16:37:31,750 - INFO - File decompressed successfully, informing the transmitter
2024-05-05 16:46:16,117 - INFO - The receiver could not decompress the file, retrying...
2024-05-05 16:46:25,131 - INFO - File decompressed successfully.
2024-05-05 19:01:26,406 - INFO - Slave function started.
2024-05-05 19:01:26,411 - INFO - Waiting for start message...
2024-05-05 19:01:28,665 - INFO - Waiting for incoming message...
2024-05-05 19:01:37,383 - INFO - Message transmission complete.
2024-05-05 19:01:37,681 - INFO - File decompressed successfully, informing the transmitter
2024-05-05 19:02:20,713 - INFO - Slave function started.
2024-05-05 19:02:20,717 - INFO - Waiting for start message...
2024-05-05 19:02:24,260 - INFO - Waiting for incoming message...
2024-05-05 19:02:32,505 - INFO - Message transmission complete.
2024-05-05 19:02:32,693 - INFO - File decompressed successfully, informing the transmitter
2024-05-05 19:03:09,140 - INFO - File decompressed successfully.
